<?xml version="1.0" encoding="UTF-8"?>
<beans xmlns="http://www.springframework.org/schema/beans"
       xmlns:xsi="http://www.w3.org/2001/XMLSchema-instance"
       xsi:schemaLocation="http://www.springframework.org/schema/beans
       http://www.springframework.org/schema/beans/spring-beans.xsd">

    <import resource="classpath*:test-spring-db.xml"/>

    <bean class="org.springframework.beans.factory.config.PropertyPlaceholderConfigurer">
        <property name="locations">
            <list>
                <value>classpath:app.properties</value>
                <value>classpath:database.properties</value>
            </list>
        </property>
    </bean>

    <bean id="detailDao" class="com.epam.brest.course2015.dao.DetailDaoImpl">
        <constructor-arg ref="dataSource"/>
    </bean>

    <bean id="detailService" class="com.epam.brest.course2015.service.DetailServiceImpl">
        <property name="detailDao" ref="detailDao"/>
    </bean>

    <bean id="docHeadDao" class="com.epam.brest.course2015.dao.DocHeadDaoImpl">
        <constructor-arg ref="dataSource"/>
    </bean>

    <bean id="docBodyDao" class="com.epam.brest.course2015.dao.DocBodyDaoImpl">
        <constructor-arg ref="dataSource"/>
    </bean>

    <bean id="documentService" class="com.epam.brest.course2015.service.DocumentServiceImpl">
        <property name="docHeadDao" ref="docHeadDao"/>
        <property name="docBodyDao" ref="docBodyDao"/>
    </bean>

</beans>